<?xml version="1.0" encoding="UTF-8"?>
<!-- Generated by org.testng.reporters.JUnitReportReporter -->
<testsuite hostname="LTIN192431" failures="0" tests="5" name="testcase.TC_004_VerifyCountsSelectedAndDownloadable" time="20.881" errors="0" timestamp="2024-01-22T20:05:24 IST" skipped="0">
  <testcase classname="testcase.TC_004_VerifyCountsSelectedAndDownloadable" name="VerifyHolidayScheduleTitle" time="9.287"/>
  <testcase classname="testcase.TC_004_VerifyCountsSelectedAndDownloadable" name="VerifyNavigationOfHolidaySchedulePage" time="0.868"/>
  <testcase classname="testcase.TC_004_VerifyCountsSelectedAndDownloadable" name="VerifyHolidayCalendars2024Text" time="0.060"/>
  <testcase classname="testcase.TC_004_VerifyCountsSelectedAndDownloadable" name="VerifyCountsSelected" time="10.522"/>
  <testcase classname="testcase.TC_004_VerifyCountsSelectedAndDownloadable" name="ValidateDocumentsDownloadable" time="0.144"/>
</testsuite> <!-- testcase.TC_004_VerifyCountsSelectedAndDownloadable -->
