<?xml version="1.0" encoding="UTF-8"?>
<!-- Generated by org.testng.reporters.JUnitReportReporter -->
<testsuite hostname="LTIN192431" failures="0" tests="1" name="testcase.TC_001_VerifyHolidayScheduleTitle" time="78.777" errors="0" timestamp="2024-01-22T10:30:09 IST" skipped="0">
  <testcase classname="testcase.TC_001_VerifyHolidayScheduleTitle" name="VerifyHolidayScheduleTitle" time="78.777"/>
</testsuite> <!-- testcase.TC_001_VerifyHolidayScheduleTitle -->
