<?xml version="1.0" encoding="UTF-8"?>
<!-- Generated by org.testng.reporters.JUnitReportReporter -->
<testsuite hostname="LTIN192431" failures="0" tests="6" name="testcase.TC_006_VerifyIndiaHolidayCalendarsDocTitle" time="37.011" errors="0" timestamp="2024-01-23T11:22:51 IST" skipped="0">
  <testcase classname="testcase.TC_006_VerifyIndiaHolidayCalendarsDocTitle" name="VerifyHolidayScheduleTitle" time="10.151"/>
  <testcase classname="testcase.TC_006_VerifyIndiaHolidayCalendarsDocTitle" name="VerifyNavigationOfHolidaySchedulePage" time="2.902"/>
  <testcase classname="testcase.TC_006_VerifyIndiaHolidayCalendarsDocTitle" name="VerifyHolidayCalendars2024Text" time="0.057"/>
  <testcase classname="testcase.TC_006_VerifyIndiaHolidayCalendarsDocTitle" name="VerifyCountsSelected" time="10.765"/>
  <testcase classname="testcase.TC_006_VerifyIndiaHolidayCalendarsDocTitle" name="ValidateDocumentsDownloadable" time="0.205"/>
  <testcase classname="testcase.TC_006_VerifyIndiaHolidayCalendarsDocTitle" name="VerifyIndiaHolidayCalendarsDocTitle" time="12.931"/>
</testsuite> <!-- testcase.TC_006_VerifyIndiaHolidayCalendarsDocTitle -->
