<?xml version="1.0" encoding="UTF-8"?>
<!-- Generated by org.testng.reporters.JUnitReportReporter -->
<testsuite hostname="LTIN192431" failures="0" tests="5" name="testcase.TC_005_ValidateDocumentsDownloadable" time="26.278" errors="0" timestamp="2024-01-22T15:14:12 IST" skipped="0">
  <testcase classname="testcase.TC_005_ValidateDocumentsDownloadable" name="VerifyHolidayScheduleTitle" time="8.234"/>
  <testcase classname="testcase.TC_005_ValidateDocumentsDownloadable" name="VerifyNavigationOfHolidaySchedulePage" time="3.182"/>
  <testcase classname="testcase.TC_005_ValidateDocumentsDownloadable" name="VerifyHolidayCalendars2024Text" time="4.237"/>
  <testcase classname="testcase.TC_005_ValidateDocumentsDownloadable" name="VerifyCountsSelected" time="10.433"/>
  <testcase classname="testcase.TC_005_ValidateDocumentsDownloadable" name="ValidateDocumentsDownloadable" time="0.192"/>
</testsuite> <!-- testcase.TC_005_ValidateDocumentsDownloadable -->
