<?xml version="1.0" encoding="UTF-8"?>
<!-- Generated by org.testng.reporters.JUnitReportReporter -->
<testsuite hostname="LTIN192431" failures="0" tests="2" name="testcase.TC_002_VerifyNavigationOfHolidaySchedulePage" time="52.772" errors="0" timestamp="2024-01-22T14:51:25 IST" skipped="0">
  <testcase classname="testcase.TC_002_VerifyNavigationOfHolidaySchedulePage" name="VerifyHolidayScheduleTitle" time="49.244"/>
  <testcase classname="testcase.TC_002_VerifyNavigationOfHolidaySchedulePage" name="VerifyNavigationOfHolidaySchedulePage" time="3.528"/>
</testsuite> <!-- testcase.TC_002_VerifyNavigationOfHolidaySchedulePage -->
