<?xml version="1.0" encoding="UTF-8"?>
<!-- Generated by org.testng.reporters.JUnitReportReporter -->
<testsuite hostname="LTIN192431" failures="0" tests="14" name="testcase.testng" time="25.059" errors="0" timestamp="2024-01-18T09:39:34 IST" skipped="0">
  <testcase classname="testcase.testng" name="userinfo" time="0.732"/>
  <testcase classname="testcase.testng" name="holcalinmain" time="4.097"/>
  <testcase classname="testcase.testng" name="valholcalinmain" time="0.088"/>
  <testcase classname="testcase.testng" name="holcalinpeople" time="2.843"/>
  <testcase classname="testcase.testng" name="holisbeingdisplayed" time="0.056"/>
  <testcase classname="testcase.testng" name="clickonIndAmeUK" time="2.576"/>
  <testcase classname="testcase.testng" name="selectAll" time="5.958"/>
  <testcase classname="testcase.testng" name="deselectAll" time="0.270"/>
  <testcase classname="testcase.testng" name="clickOnIndia" time="0.418"/>
  <testcase classname="testcase.testng" name="validateIndia" time="1.437"/>
  <testcase classname="testcase.testng" name="Takingss" time="0.238"/>
  <testcase classname="testcase.testng" name="downloadIndia" time="0.170"/>
  <testcase classname="testcase.testng" name="Validateversion" time="1.336"/>
  <testcase classname="testcase.testng" name="printVerHis" time="4.840"/>
</testsuite> <!-- testcase.testng -->
