<?xml version="1.0" encoding="UTF-8"?>
<!-- Generated by org.testng.reporters.JUnitReportReporter -->
<testsuite hostname="LTIN192431" failures="0" tests="7" name="testcase.TC_007_VerifyVersionHistoryButton" time="37.769" errors="0" timestamp="2024-01-31T10:39:31 IST" skipped="0">
  <testcase classname="testcase.TC_007_VerifyVersionHistoryButton" name="VerifyHolidayScheduleTitle" time="6.683"/>
  <testcase classname="testcase.TC_007_VerifyVersionHistoryButton" name="VerifyNavigationOfHolidaySchedulePage" time="3.592"/>
  <testcase classname="testcase.TC_007_VerifyVersionHistoryButton" name="VerifyHolidayCalendars2024Text" time="2.951"/>
  <testcase classname="testcase.TC_007_VerifyVersionHistoryButton" name="VerifyCountsSelected" time="8.141"/>
  <testcase classname="testcase.TC_007_VerifyVersionHistoryButton" name="ValidateDocumentsDownloadable" time="0.251"/>
  <testcase classname="testcase.TC_007_VerifyVersionHistoryButton" name="VerifyIndiaHolidayCalendarsDocTitle" time="3.566"/>
  <testcase classname="testcase.TC_007_VerifyVersionHistoryButton" name="VerifyVersionHistoryButton" time="12.585"/>
</testsuite> <!-- testcase.TC_007_VerifyVersionHistoryButton -->
