<?xml version="1.0" encoding="UTF-8"?>
<!-- Generated by org.testng.reporters.JUnitReportReporter -->
<testsuite hostname="LTIN192431" failures="0" tests="3" name="testcase.TC_003_VerifyHolidayCalendars2024Text" time="29.970" errors="0" timestamp="2024-01-22T11:52:34 IST" skipped="0">
  <testcase classname="testcase.TC_003_VerifyHolidayCalendars2024Text" name="VerifyHolidayScheduleTitle" time="29.206"/>
  <testcase classname="testcase.TC_003_VerifyHolidayCalendars2024Text" name="VerifyNavigationOfHolidaySchedulePage" time="0.692"/>
  <testcase classname="testcase.TC_003_VerifyHolidayCalendars2024Text" name="VerifyHolidayCalendars2024Text" time="0.072"/>
</testsuite> <!-- testcase.TC_003_VerifyHolidayCalendars2024Text -->
