<?xml version="1.0" encoding="UTF-8"?>
<!-- Generated by org.testng.reporters.JUnitReportReporter -->
<testsuite hostname="LTIN192431" failures="0" tests="4" name="testcase.TC_004_VerifyCountsSelected" time="32.707" errors="0" timestamp="2024-01-22T14:39:55 IST" skipped="0">
  <testcase classname="testcase.TC_004_VerifyCountsSelected" name="VerifyHolidayScheduleTitle" time="7.720"/>
  <testcase classname="testcase.TC_004_VerifyCountsSelected" name="VerifyNavigationOfHolidaySchedulePage" time="1.021"/>
  <testcase classname="testcase.TC_004_VerifyCountsSelected" name="VerifyHolidayCalendars2024Text" time="0.118"/>
  <testcase classname="testcase.TC_004_VerifyCountsSelected" name="VerifyCountsSelected" time="23.848"/>
</testsuite> <!-- testcase.TC_004_VerifyCountsSelected -->
